2025-07-17 12:41:43 - root - INFO - Addition Oparation Started
2025-07-17 12:41:43 - root - INFO - Completed
2025-07-17 12:41:43 - root - INFO - Multiplication Oparation Started
2025-07-17 12:41:43 - root - INFO - Completed
2025-07-17 12:41:43 - root - INFO - Oparation Started
2025-07-17 12:41:43 - root - INFO - Completed
2025-07-17 12:42:17 - root - INFO - Addition Oparation Started
2025-07-17 12:42:17 - root - INFO - Completed
2025-07-17 12:42:17 - root - INFO - Multiplication Oparation Started
2025-07-17 12:42:17 - root - INFO - Completed
2025-07-17 12:43:31 - root - INFO - Addition Oparation Started
2025-07-17 12:43:31 - root - INFO - Completed
2025-07-17 12:43:31 - root - INFO - Multiplication Oparation Started
2025-07-17 12:43:31 - root - INFO - Completed
2025-07-17 12:44:40 - root - INFO - Completed
2025-07-17 12:44:40 - root - INFO - Multiplication Oparation Started
2025-07-17 12:44:40 - root - INFO - Completed
2025-07-17 12:45:37 - root - INFO - result: 15
2025-07-17 12:45:37 - root - INFO - Completed
2025-07-17 12:45:37 - root - INFO - Multiplication Oparation Started
2025-07-17 12:45:37 - root - INFO - result: 50
2025-07-17 12:45:37 - root - INFO - Completed
